<?xml version="1.0" encoding="UTF-8"?>
<testng-results ignored="0" total="1" passed="0" failed="0" skipped="1">
  <reporter-output>
    <line>
      <![CDATA[addAndDeleteUser has been skipped]]>
    </line>
  </reporter-output>
  <suite started-at="2024-12-19T16:37:20 IST" name="Default suite" finished-at="2024-12-19T16:37:20 IST" duration-ms="67">
    <groups>
    </groups>
    <test started-at="2024-12-19T16:37:20 IST" name="Default test" finished-at="2024-12-19T16:37:20 IST" duration-ms="67">
      <class name="com.sodexo.testscript.UserModule">
        <test-method is-config="true" signature="openBrowser(java.lang.String)[pri:0, instance:com.sodexo.testscript.UserModule@5b7a7f33]" started-at="2024-12-19T16:37:20 IST" name="openBrowser" finished-at="1970-01-01T05:30:00 IST" duration-ms="-1734606440688" status="FAIL">
          <exception class="org.testng.TestNGException">
            <message>
              <![CDATA[
Parameter 'browser' is required by BeforeTest on method openBrowser but has not been marked @Optional or defined
in C:\Users\dell\AppData\Local\Temp\testng-eclipse-599531820\testng-customsuite.xml]]>
            </message>
            <full-stacktrace>
              <![CDATA[org.testng.TestNGException: 
Parameter 'browser' is required by BeforeTest on method openBrowser but has not been marked @Optional or defined
in C:\Users\dell\AppData\Local\Temp\testng-eclipse-599531820\testng-customsuite.xml
at org.testng.internal.Parameters.createParams(Parameters.java:267)
at org.testng.internal.Parameters.createParametersForMethod(Parameters.java:355)
at org.testng.internal.Parameters.createParameters(Parameters.java:693)
at org.testng.internal.Parameters.createConfigurationParameters(Parameters.java:166)
at org.testng.internal.invokers.ConfigInvoker.invokeConfigurations(ConfigInvoker.java:306)
at org.testng.TestRunner.invokeTestConfigurations(TestRunner.java:661)
at org.testng.TestRunner.beforeRun(TestRunner.java:650)
at org.testng.TestRunner.run(TestRunner.java:612)
at org.testng.SuiteRunner.runTest(SuiteRunner.java:443)
at org.testng.SuiteRunner.runSequentially(SuiteRunner.java:437)
at org.testng.SuiteRunner.privateRun(SuiteRunner.java:397)
at org.testng.SuiteRunner.run(SuiteRunner.java:336)
at org.testng.SuiteRunnerWorker.runSuite(SuiteRunnerWorker.java:52)
at org.testng.SuiteRunnerWorker.run(SuiteRunnerWorker.java:95)
at org.testng.TestNG.runSuitesSequentially(TestNG.java:1301)
at org.testng.TestNG.runSuitesLocally(TestNG.java:1228)
at org.testng.TestNG.runSuites(TestNG.java:1134)
at org.testng.TestNG.run(TestNG.java:1101)
at org.testng.remote.AbstractRemoteTestNG.run(AbstractRemoteTestNG.java:115)
at org.testng.remote.RemoteTestNG.initAndRun(RemoteTestNG.java:251)
at org.testng.remote.RemoteTestNG.main(RemoteTestNG.java:77)
]]>
            </full-stacktrace>
          </exception> <!-- org.testng.TestNGException -->
          <reporter-output>
          </reporter-output>
        </test-method> <!-- openBrowser -->
        <test-method is-config="true" signature="login()[pri:0, instance:com.sodexo.testscript.UserModule@5b7a7f33]" started-at="2024-12-19T16:37:20 IST" name="login" finished-at="2024-12-19T16:37:20 IST" duration-ms="0" status="SKIP">
          <reporter-output>
          </reporter-output>
        </test-method> <!-- login -->
        <test-method signature="addAndDeleteUser()[pri:0, instance:com.sodexo.testscript.UserModule@5b7a7f33]" started-at="2024-12-19T16:37:20 IST" name="addAndDeleteUser" finished-at="2024-12-19T16:37:20 IST" duration-ms="0" status="SKIP">
          <exception class="org.testng.TestNGException">
            <message>
              <![CDATA[
Parameter 'browser' is required by BeforeTest on method openBrowser but has not been marked @Optional or defined
in C:\Users\dell\AppData\Local\Temp\testng-eclipse-599531820\testng-customsuite.xml]]>
            </message>
            <full-stacktrace>
              <![CDATA[org.testng.TestNGException: 
Parameter 'browser' is required by BeforeTest on method openBrowser but has not been marked @Optional or defined
in C:\Users\dell\AppData\Local\Temp\testng-eclipse-599531820\testng-customsuite.xml
at org.testng.internal.Parameters.createParams(Parameters.java:267)
at org.testng.internal.Parameters.createParametersForMethod(Parameters.java:355)
at org.testng.internal.Parameters.createParameters(Parameters.java:693)
at org.testng.internal.Parameters.createConfigurationParameters(Parameters.java:166)
at org.testng.internal.invokers.ConfigInvoker.invokeConfigurations(ConfigInvoker.java:306)
at org.testng.TestRunner.invokeTestConfigurations(TestRunner.java:661)
at org.testng.TestRunner.beforeRun(TestRunner.java:650)
at org.testng.TestRunner.run(TestRunner.java:612)
at org.testng.SuiteRunner.runTest(SuiteRunner.java:443)
at org.testng.SuiteRunner.runSequentially(SuiteRunner.java:437)
at org.testng.SuiteRunner.privateRun(SuiteRunner.java:397)
at org.testng.SuiteRunner.run(SuiteRunner.java:336)
at org.testng.SuiteRunnerWorker.runSuite(SuiteRunnerWorker.java:52)
at org.testng.SuiteRunnerWorker.run(SuiteRunnerWorker.java:95)
at org.testng.TestNG.runSuitesSequentially(TestNG.java:1301)
at org.testng.TestNG.runSuitesLocally(TestNG.java:1228)
at org.testng.TestNG.runSuites(TestNG.java:1134)
at org.testng.TestNG.run(TestNG.java:1101)
at org.testng.remote.AbstractRemoteTestNG.run(AbstractRemoteTestNG.java:115)
at org.testng.remote.RemoteTestNG.initAndRun(RemoteTestNG.java:251)
at org.testng.remote.RemoteTestNG.main(RemoteTestNG.java:77)
]]>
            </full-stacktrace>
          </exception> <!-- org.testng.TestNGException -->
          <reporter-output>
            <line>
              <![CDATA[addAndDeleteUser has been skipped]]>
            </line>
          </reporter-output>
        </test-method> <!-- addAndDeleteUser -->
        <test-method is-config="true" signature="logout()[pri:0, instance:com.sodexo.testscript.UserModule@5b7a7f33]" started-at="2024-12-19T16:37:20 IST" name="logout" finished-at="2024-12-19T16:37:20 IST" duration-ms="0" status="SKIP">
          <reporter-output>
          </reporter-output>
        </test-method> <!-- logout -->
        <test-method is-config="true" signature="closeBrowser()[pri:0, instance:com.sodexo.testscript.UserModule@5b7a7f33]" started-at="2024-12-19T16:37:20 IST" name="closeBrowser" finished-at="2024-12-19T16:37:20 IST" duration-ms="0" status="SKIP">
          <reporter-output>
          </reporter-output>
        </test-method> <!-- closeBrowser -->
      </class> <!-- com.sodexo.testscript.UserModule -->
    </test> <!-- Default test -->
  </suite> <!-- Default suite -->
</testng-results>
